Start testing: May 31 22:50 UTC
----------------------------------------------------------
1/1 Testing: ProxyTests
1/1 Test: ProxyTests
Command: "/home/vboxuser/rk_proxy_pattern/build/tests/test_proxy"
Directory: /home/vboxuser/rk_proxy_pattern/build/tests
"ProxyTests" start time: May 31 22:50 UTC
Output:
----------------------------------------------------------
Running main() from ./googletest/src/gtest_main.cc
[==========] Running 2 tests from 2 test suites.
[----------] Global test environment set-up.
[----------] 1 test from ProxyTest
[ RUN      ] ProxyTest.GiveGifts
[       OK ] ProxyTest.GiveGifts (0 ms)
[----------] 1 test from ProxyTest (0 ms total)

[----------] 1 test from SchoolGirlTest
[ RUN      ] SchoolGirlTest.NameOperations
[       OK ] SchoolGirlTest.NameOperations (0 ms)
[----------] 1 test from SchoolGirlTest (0 ms total)

[----------] Global test environment tear-down
[==========] 2 tests from 2 test suites ran. (0 ms total)
[  PASSED  ] 2 tests.
<end of output>
Test time =   0.01 sec
----------------------------------------------------------
Test Passed.
"ProxyTests" end time: May 31 22:50 UTC
"ProxyTests" time elapsed: 00:00:00
----------------------------------------------------------

End testing: May 31 22:50 UTC
